{"level": "DEBUG", "message": "Debugging information", "timestamp": "2024-06-04T10:04:37.754778+00:00", "logger": "__main__", "module": "2859980371", "function": "<module>", "line": 1, "thread_name": "MainThread"}
{"level": "INFO", "message": "Informational message", "timestamp": "2024-06-04T10:04:37.754778+00:00", "logger": "__main__", "module": "2859980371", "function": "<module>", "line": 2, "thread_name": "MainThread"}
{"level": "WARNING", "message": "Warning:config file server.conf not found", "timestamp": "2024-06-04T10:04:37.755940+00:00", "logger": "__main__", "module": "2859980371", "function": "<module>", "line": 3, "thread_name": "MainThread"}
{"level": "ERROR", "message": "Error occurred", "timestamp": "2024-06-04T10:04:37.757284+00:00", "logger": "__main__", "module": "2859980371", "function": "<module>", "line": 4, "thread_name": "MainThread"}
{"level": "CRITICAL", "message": "Critical error -- shutting down", "timestamp": "2024-06-04T10:04:37.760303+00:00", "logger": "__main__", "module": "2859980371", "function": "<module>", "line": 5, "thread_name": "MainThread"}
{"level": "INFO", "message": "Logging using a YAML config and writing into .jsonl files", "timestamp": "2024-06-04T10:04:37.761354+00:00", "logger": "__main__", "module": "2859980371", "function": "<module>", "line": 6, "thread_name": "MainThread"}
{"level": "ERROR", "message": "\n1 / 'a' throws TypeError(\"unsupported operand type(s) for /: 'int' and 'str'\")", "timestamp": "2024-06-04T10:04:43.073390+00:00", "logger": "__main__", "module": "2133717759", "function": "divide_numbers", "line": 7, "thread_name": "MainThread", "exc_info": "Traceback (most recent call last):\n  File \"C:\\Users\\aannara\\AppData\\Local\\Temp\\ipykernel_25552\\2133717759.py\", line 3, in divide_numbers\n    result = a / b\nTypeError: unsupported operand type(s) for /: 'int' and 'str'"}
{"level": "INFO", "message": "Division operation completed.", "timestamp": "2024-06-04T10:04:43.075520+00:00", "logger": "__main__", "module": "2133717759", "function": "divide_numbers", "line": 13, "thread_name": "MainThread"}
{"level": "ERROR", "message": "This is an error", "timestamp": "2024-06-04T10:04:51.792525+00:00", "logger": "__main__", "module": "2566380447", "function": "<module>", "line": 1, "thread_name": "MainThread"}
{"level": "ERROR", "message": "This is an error", "timestamp": "2024-06-04T10:04:52.858929+00:00", "logger": "__main__", "module": "3542077179", "function": "<module>", "line": 1, "thread_name": "MainThread", "value": 23, "extra_details": ["bmc", "os"]}
{"level": "ERROR", "message": "No such comm target registered: jupyter.widget.control", "timestamp": "2024-06-04T11:35:11.370073+00:00", "logger": "ipykernel.comm", "module": "manager", "function": "comm_open", "line": 46, "thread_name": "MainThread"}
{"level": "WARNING", "message": "No such comm: 72a16bb0-b3dd-4fb1-9cd0-6a5381ea7c64", "timestamp": "2024-06-04T11:35:11.390660+00:00", "logger": "Comm", "module": "base_comm", "function": "get_comm", "line": 246, "thread_name": "MainThread"}
{"level": "DEBUG", "message": "Current comms: []", "timestamp": "2024-06-04T11:35:11.392654+00:00", "logger": "Comm", "module": "base_comm", "function": "get_comm", "line": 249, "thread_name": "MainThread"}
{"level": "ERROR", "message": "No such comm target registered: jupyter.widget.control", "timestamp": "2024-06-05T03:40:58.393566+00:00", "logger": "ipykernel.comm", "module": "manager", "function": "comm_open", "line": 46, "thread_name": "MainThread"}
{"level": "WARNING", "message": "No such comm: 4a51eafa-03a4-4475-bb99-959140ec6b3a", "timestamp": "2024-06-05T03:40:58.415903+00:00", "logger": "Comm", "module": "base_comm", "function": "get_comm", "line": 246, "thread_name": "MainThread"}
{"level": "DEBUG", "message": "Current comms: []", "timestamp": "2024-06-05T03:40:58.417466+00:00", "logger": "Comm", "module": "base_comm", "function": "get_comm", "line": 249, "thread_name": "MainThread"}
{"level": "ERROR", "message": "No such comm target registered: jupyter.widget.control", "timestamp": "2024-06-05T05:41:50.665272+00:00", "logger": "ipykernel.comm", "module": "manager", "function": "comm_open", "line": 46, "thread_name": "MainThread"}
{"level": "WARNING", "message": "No such comm: 8154e278-5467-42a6-b3fd-313d4b218764", "timestamp": "2024-06-05T05:41:51.706736+00:00", "logger": "Comm", "module": "base_comm", "function": "get_comm", "line": 246, "thread_name": "MainThread"}
{"level": "DEBUG", "message": "Current comms: []", "timestamp": "2024-06-05T05:41:51.708583+00:00", "logger": "Comm", "module": "base_comm", "function": "get_comm", "line": 249, "thread_name": "MainThread"}
{"level": "ERROR", "message": "No such comm target registered: jupyter.widget.control", "timestamp": "2024-06-05T17:39:46.080642+00:00", "logger": "ipykernel.comm", "module": "manager", "function": "comm_open", "line": 46, "thread_name": "MainThread"}
{"level": "WARNING", "message": "No such comm: 1c297390-545c-4979-81b1-30b7dec84d38", "timestamp": "2024-06-05T17:39:46.096279+00:00", "logger": "Comm", "module": "base_comm", "function": "get_comm", "line": 246, "thread_name": "MainThread"}
{"level": "DEBUG", "message": "Current comms: []", "timestamp": "2024-06-05T17:39:46.111907+00:00", "logger": "Comm", "module": "base_comm", "function": "get_comm", "line": 249, "thread_name": "MainThread"}
{"level": "ERROR", "message": "No such comm target registered: jupyter.widget.control", "timestamp": "2024-06-06T00:08:11.288565+00:00", "logger": "ipykernel.comm", "module": "manager", "function": "comm_open", "line": 46, "thread_name": "MainThread"}
{"level": "WARNING", "message": "No such comm: 6a90a033-6dfe-4833-a50d-a08ba55861f8", "timestamp": "2024-06-06T00:08:11.297400+00:00", "logger": "Comm", "module": "base_comm", "function": "get_comm", "line": 246, "thread_name": "MainThread"}
{"level": "DEBUG", "message": "Current comms: []", "timestamp": "2024-06-06T00:08:11.299638+00:00", "logger": "Comm", "module": "base_comm", "function": "get_comm", "line": 249, "thread_name": "MainThread"}
{"level": "ERROR", "message": "No such comm target registered: jupyter.widget.control", "timestamp": "2024-06-06T02:17:21.647966+00:00", "logger": "ipykernel.comm", "module": "manager", "function": "comm_open", "line": 46, "thread_name": "MainThread"}
{"level": "WARNING", "message": "No such comm: 120ba2c5-f753-492a-a942-fb0da9f49294", "timestamp": "2024-06-06T02:17:21.647966+00:00", "logger": "Comm", "module": "base_comm", "function": "get_comm", "line": 246, "thread_name": "MainThread"}
{"level": "DEBUG", "message": "Current comms: []", "timestamp": "2024-06-06T02:17:21.647966+00:00", "logger": "Comm", "module": "base_comm", "function": "get_comm", "line": 249, "thread_name": "MainThread"}
{"level": "ERROR", "message": "No such comm target registered: jupyter.widget.control", "timestamp": "2024-06-06T06:12:10.003480+00:00", "logger": "ipykernel.comm", "module": "manager", "function": "comm_open", "line": 46, "thread_name": "MainThread"}
{"level": "WARNING", "message": "No such comm: b2c0db94-78f2-4987-880a-c0a5ce36352a", "timestamp": "2024-06-06T06:12:10.010474+00:00", "logger": "Comm", "module": "base_comm", "function": "get_comm", "line": 246, "thread_name": "MainThread"}
{"level": "DEBUG", "message": "Current comms: []", "timestamp": "2024-06-06T06:12:10.012474+00:00", "logger": "Comm", "module": "base_comm", "function": "get_comm", "line": 249, "thread_name": "MainThread"}
